Performing C SOURCE FILE Test CMAKE_HAVE_LIBC_PTHREAD failed with the following output:
Change Dir: /home/greg/CLionProjects/BMPThreads/cmake-build-debug/CMakeFiles/CMakeTmp

Run Build Command(s):/usr/bin/make -f Makefile cmTC_3daac/fast && make[1]: Entering directory '/home/greg/CLionProjects/BMPThreads/cmake-build-debug/CMakeFiles/CMakeTmp'
/usr/bin/make  -f CMakeFiles/cmTC_3daac.dir/build.make CMakeFiles/cmTC_3daac.dir/build
make[2]: Entering directory '/home/greg/CLionProjects/BMPThreads/cmake-build-debug/CMakeFiles/CMakeTmp'
Building C object CMakeFiles/cmTC_3daac.dir/src.c.o
/usr/bin/cc -DCMAKE_HAVE_LIBC_PTHREAD  -std=gnu99 -o CMakeFiles/cmTC_3daac.dir/src.c.o -c /home/greg/CLionProjects/BMPThreads/cmake-build-debug/CMakeFiles/CMakeTmp/src.c
Linking C executable cmTC_3daac
/opt/clion-2021.2.1/bin/cmake/linux/bin/cmake -E cmake_link_script CMakeFiles/cmTC_3daac.dir/link.txt --verbose=1
/usr/bin/cc CMakeFiles/cmTC_3daac.dir/src.c.o -o cmTC_3daac 
CMakeFiles/cmTC_3daac.dir/src.c.o: In function `main':
src.c:(.text+0x3e): undefined reference to `pthread_create'
src.c:(.text+0x4a): undefined reference to `pthread_detach'
src.c:(.text+0x56): undefined reference to `pthread_cancel'
src.c:(.text+0x67): undefined reference to `pthread_join'
src.c:(.text+0x7b): undefined reference to `pthread_atfork'
collect2: error: ld returned 1 exit status
CMakeFiles/cmTC_3daac.dir/build.make:98: recipe for target 'cmTC_3daac' failed
make[2]: *** [cmTC_3daac] Error 1
make[2]: Leaving directory '/home/greg/CLionProjects/BMPThreads/cmake-build-debug/CMakeFiles/CMakeTmp'
Makefile:127: recipe for target 'cmTC_3daac/fast' failed
make[1]: *** [cmTC_3daac/fast] Error 2
make[1]: Leaving directory '/home/greg/CLionProjects/BMPThreads/cmake-build-debug/CMakeFiles/CMakeTmp'


Source file was:
#include <pthread.h>

static void* test_func(void* data)
{
  return data;
}

int main(void)
{
  pthread_t thread;
  pthread_create(&thread, NULL, test_func, NULL);
  pthread_detach(thread);
  pthread_cancel(thread);
  pthread_join(thread, NULL);
  pthread_atfork(NULL, NULL, NULL);
  pthread_exit(NULL);

  return 0;
}

